<?xml version="1.0" encoding="UTF-8"?>
<!-- Generated by org.testng.reporters.JUnitXMLReporter -->
<testsuite ignored="0" hostname="TAKO" failures="9" tests="29" name="Command line test" time="100.151" errors="0" timestamp="2025-05-16T22:50:39 EEST">
  <testcase classname="LoginTest" name="validLogin" time="0.273"/>
  <testcase classname="LoginTest" name="lockedUserLogin" time="0.248">
    <failure type="java.lang.AssertionError" message="User Should Login expected [true] but found [false]">
      <![CDATA[java.lang.AssertionError: User Should Login expected [true] but found [false]
at LoginTest.lockedUserLogin(LoginTest.java:73)
at java.base/java.util.ArrayList.forEach(ArrayList.java:1604)
at Main.main(Main.java:19)
... Removed 25 stack frames]]>
    </failure>
  </testcase> <!-- lockedUserLogin -->
  <testcase classname="LoginTest" name="invalidLoginUser" time="0.243"/>
  <testcase classname="LoginTest" name="invalidLoginPassword" time="0.248"/>
  <testcase classname="LoginTest" name="blankLogin" time="0.085"/>
  <testcase classname="LoginTest" name="blankUserNameLogin" time="0.155"/>
  <testcase classname="LoginTest" name="blankPasswordLogin" time="0.173"/>
  <testcase classname="ProductsTest" name="Add2ProductsToCart" time="0.139"/>
  <testcase classname="ProductsTest" name="AddToCart" time="0.065"/>
  <testcase classname="ProductsTest" name="chooseFromTheFilter" time="0.095"/>
  <testcase classname="ProductsTest" name="remove" time="0.121"/>
  <testcase classname="ProductsTest" name="testLogout" time="2.658"/>
  <testcase classname="CartTest" name="testAddAndRemoveAllItems" time="0.917"/>
  <testcase classname="CartTest" name="checkContinueShoppingButton" time="0.503"/>
  <testcase classname="CartTest" name="checkCheckoutButton" time="0.463"/>
  <testcase classname="CartTest" name="checkItemInCart" time="0.449"/>
  <testcase classname="CartTest" name="checkRemoveItemFromCart" time="0.493"/>
  <testcase classname="CartTest" name="cartPersistsAfterRefresh" time="0.887"/>
  <testcase classname="CartTest" name="cartDisplaysCorrectItemDetails" time="0.44"/>
  <testcase classname="CartTest" name="checkEmptyCartBehavior" time="0.484">
    <failure type="java.lang.AssertionError" message="Cart is not empty when it should be expected [0] but found [1]">
      <![CDATA[java.lang.AssertionError: Cart is not empty when it should be expected [0] but found [1]
at CartTest.checkEmptyCartBehavior(CartTest.java:123)
at java.base/java.util.ArrayList.forEach(ArrayList.java:1604)
at Main.main(Main.java:19)
... Removed 26 stack frames]]>
    </failure>
  </testcase> <!-- checkEmptyCartBehavior -->
  <testcase classname="CartTest" name="checkoutDisabledWhenCartEmpty" time="0.36">
    <failure type="java.lang.AssertionError" message="Checkout button should be disabled when cart is empty expected [false] but found [true]">
      <![CDATA[java.lang.AssertionError: Checkout button should be disabled when cart is empty expected [false] but found [true]
at CartTest.checkoutDisabledWhenCartEmpty(CartTest.java:129)
at java.base/java.util.ArrayList.forEach(ArrayList.java:1604)
at Main.main(Main.java:19)
... Removed 25 stack frames]]>
    </failure>
  </testcase> <!-- checkoutDisabledWhenCartEmpty -->
  <testcase classname="CheckoutTest" name="testValidCheckout" time="2.791"/>
  <testcase classname="CheckoutTest" name="testCheckoutProcessProblemUser" time="0.7">
    <failure type="java.lang.AssertionError" message="Checkout process failed for problem_user: no such element: Unable to locate element: {&amp;quot;method&amp;quot;:&amp;quot;css selector&amp;quot;,&amp;quot;selector&amp;quot;:&amp;quot;#finish&amp;quot;}
  (Session info: chrome=136.0.7103.114)
For documentation on this error, please visit: https://www.selenium.dev/documentation/webdriver/troubleshooting/errors#no-such-element-exception
Build info: version: &amp;apos;4.31.0&amp;apos;, revision: &amp;apos;4ae8fc9f8a&amp;apos;
System info: os.name: &amp;apos;Windows 11&amp;apos;, os.arch: &amp;apos;amd64&amp;apos;, os.version: &amp;apos;10.0&amp;apos;, java.version: &amp;apos;24&amp;apos;
Driver info: org.openqa.selenium.chrome.ChromeDriver
Command: [c39343a82523cee4eba758ff26081ec3, findElement {using=id, value=finish}]
Capabilities {acceptInsecureCerts: false, browserName: chrome, browserVersion: 136.0.7103.114, chrome: {chromedriverVersion: 136.0.7103.94 (fa0be0b33deb..., userDataDir: C:\Users\TAKO\AppData\Local...}, fedcm:accounts: true, goog:chromeOptions: {debuggerAddress: localhost:56272}, networkConnectionEnabled: false, pageLoadStrategy: normal, platformName: windows, proxy: Proxy(), se:cdp: ws://localhost:56272/devtoo..., se:cdpVersion: 136.0.7103.114, setWindowRect: true, strictFileInteractability: false, timeouts: {implicit: 0, pageLoad: 300000, script: 30000}, unhandledPromptBehavior: dismiss and notify, webauthn:extension:credBlob: true, webauthn:extension:largeBlob: true, webauthn:extension:minPinLength: true, webauthn:extension:prf: true, webauthn:virtualAuthenticators: true}
Session ID: c39343a82523cee4eba758ff26081ec3">
      <![CDATA[java.lang.AssertionError: Checkout process failed for problem_user: no such element: Unable to locate element: {"method":"css selector","selector":"#finish"}
  (Session info: chrome=136.0.7103.114)
For documentation on this error, please visit: https://www.selenium.dev/documentation/webdriver/troubleshooting/errors#no-such-element-exception
Build info: version: '4.31.0', revision: '4ae8fc9f8a'
System info: os.name: 'Windows 11', os.arch: 'amd64', os.version: '10.0', java.version: '24'
Driver info: org.openqa.selenium.chrome.ChromeDriver
Command: [c39343a82523cee4eba758ff26081ec3, findElement {using=id, value=finish}]
Capabilities {acceptInsecureCerts: false, browserName: chrome, browserVersion: 136.0.7103.114, chrome: {chromedriverVersion: 136.0.7103.94 (fa0be0b33deb..., userDataDir: C:\Users\TAKO\AppData\Local...}, fedcm:accounts: true, goog:chromeOptions: {debuggerAddress: localhost:56272}, networkConnectionEnabled: false, pageLoadStrategy: normal, platformName: windows, proxy: Proxy(), se:cdp: ws://localhost:56272/devtoo..., se:cdpVersion: 136.0.7103.114, setWindowRect: true, strictFileInteractability: false, timeouts: {implicit: 0, pageLoad: 300000, script: 30000}, unhandledPromptBehavior: dismiss and notify, webauthn:extension:credBlob: true, webauthn:extension:largeBlob: true, webauthn:extension:minPinLength: true, webauthn:extension:prf: true, webauthn:virtualAuthenticators: true}
Session ID: c39343a82523cee4eba758ff26081ec3
at CheckoutTest.testCheckoutProcessProblemUser(CheckoutTest.java:125)
at java.base/java.util.ArrayList.forEach(ArrayList.java:1604)
at Main.main(Main.java:19)
... Removed 23 stack frames]]>
    </failure>
  </testcase> <!-- testCheckoutProcessProblemUser -->
  <testcase classname="CheckoutTest" name="testCheckoutProcessErrorUser" time="0.76">
    <failure type="java.lang.AssertionError" message="Checkout process failed for problem_user: no such element: Unable to locate element: {&amp;quot;method&amp;quot;:&amp;quot;css selector&amp;quot;,&amp;quot;selector&amp;quot;:&amp;quot;.complete\-header&amp;quot;}
  (Session info: chrome=136.0.7103.114)
For documentation on this error, please visit: https://www.selenium.dev/documentation/webdriver/troubleshooting/errors#no-such-element-exception
Build info: version: &amp;apos;4.31.0&amp;apos;, revision: &amp;apos;4ae8fc9f8a&amp;apos;
System info: os.name: &amp;apos;Windows 11&amp;apos;, os.arch: &amp;apos;amd64&amp;apos;, os.version: &amp;apos;10.0&amp;apos;, java.version: &amp;apos;24&amp;apos;
Driver info: org.openqa.selenium.chrome.ChromeDriver
Command: [d67087e4e352b91d8fa6da6e13f03213, findElement {using=class name, value=complete-header}]
Capabilities {acceptInsecureCerts: false, browserName: chrome, browserVersion: 136.0.7103.114, chrome: {chromedriverVersion: 136.0.7103.94 (fa0be0b33deb..., userDataDir: C:\Users\TAKO\AppData\Local...}, fedcm:accounts: true, goog:chromeOptions: {debuggerAddress: localhost:56304}, networkConnectionEnabled: false, pageLoadStrategy: normal, platformName: windows, proxy: Proxy(), se:cdp: ws://localhost:56304/devtoo..., se:cdpVersion: 136.0.7103.114, setWindowRect: true, strictFileInteractability: false, timeouts: {implicit: 0, pageLoad: 300000, script: 30000}, unhandledPromptBehavior: dismiss and notify, webauthn:extension:credBlob: true, webauthn:extension:largeBlob: true, webauthn:extension:minPinLength: true, webauthn:extension:prf: true, webauthn:virtualAuthenticators: true}
Session ID: d67087e4e352b91d8fa6da6e13f03213">
      <![CDATA[java.lang.AssertionError: Checkout process failed for problem_user: no such element: Unable to locate element: {"method":"css selector","selector":".complete\-header"}
  (Session info: chrome=136.0.7103.114)
For documentation on this error, please visit: https://www.selenium.dev/documentation/webdriver/troubleshooting/errors#no-such-element-exception
Build info: version: '4.31.0', revision: '4ae8fc9f8a'
System info: os.name: 'Windows 11', os.arch: 'amd64', os.version: '10.0', java.version: '24'
Driver info: org.openqa.selenium.chrome.ChromeDriver
Command: [d67087e4e352b91d8fa6da6e13f03213, findElement {using=class name, value=complete-header}]
Capabilities {acceptInsecureCerts: false, browserName: chrome, browserVersion: 136.0.7103.114, chrome: {chromedriverVersion: 136.0.7103.94 (fa0be0b33deb..., userDataDir: C:\Users\TAKO\AppData\Local...}, fedcm:accounts: true, goog:chromeOptions: {debuggerAddress: localhost:56304}, networkConnectionEnabled: false, pageLoadStrategy: normal, platformName: windows, proxy: Proxy(), se:cdp: ws://localhost:56304/devtoo..., se:cdpVersion: 136.0.7103.114, setWindowRect: true, strictFileInteractability: false, timeouts: {implicit: 0, pageLoad: 300000, script: 30000}, unhandledPromptBehavior: dismiss and notify, webauthn:extension:credBlob: true, webauthn:extension:largeBlob: true, webauthn:extension:minPinLength: true, webauthn:extension:prf: true, webauthn:virtualAuthenticators: true}
Session ID: d67087e4e352b91d8fa6da6e13f03213
at CheckoutTest.testCheckoutProcessErrorUser(CheckoutTest.java:139)
at java.base/java.util.ArrayList.forEach(ArrayList.java:1604)
at Main.main(Main.java:19)
... Removed 23 stack frames]]>
    </failure>
  </testcase> <!-- testCheckoutProcessErrorUser -->
  <testcase classname="CheckoutTest" name="testContinueWithoutCartItems" time="0.345">
    <failure type="java.lang.AssertionError" message="Checkout button should not be present if cart is empty expected [true] but found [false]">
      <![CDATA[java.lang.AssertionError: Checkout button should not be present if cart is empty expected [true] but found [false]
at CheckoutTest.testContinueWithoutCartItems(CheckoutTest.java:111)
at java.base/java.util.ArrayList.forEach(ArrayList.java:1604)
at Main.main(Main.java:19)
... Removed 25 stack frames]]>
    </failure>
  </testcase> <!-- testContinueWithoutCartItems -->
  <testcase classname="CheckoutTest" name="testCheckoutWithEmptyFirstName" time="0.705"/>
  <testcase classname="CheckoutTest" name="testCheckoutWithNumericName" time="0.71">
    <failure type="java.lang.AssertionError" message="expected [Checkout: Your Information] but found [Checkout: Overview]">
      <![CDATA[java.lang.AssertionError: expected [Checkout: Your Information] but found [Checkout: Overview]
at CheckoutTest.testCheckoutWithNumericName(CheckoutTest.java:84)
at java.base/java.util.ArrayList.forEach(ArrayList.java:1604)
at Main.main(Main.java:19)
... Removed 27 stack frames]]>
    </failure>
  </testcase> <!-- testCheckoutWithNumericName -->
  <testcase classname="CheckoutTest" name="testCheckoutWithZeroPostalCode" time="0.725">
    <failure type="java.lang.AssertionError" message="expected [Checkout: Your Information] but found [Checkout: Overview]">
      <![CDATA[java.lang.AssertionError: expected [Checkout: Your Information] but found [Checkout: Overview]
at CheckoutTest.testCheckoutWithZeroPostalCode(CheckoutTest.java:94)
at java.base/java.util.ArrayList.forEach(ArrayList.java:1604)
at Main.main(Main.java:19)
... Removed 27 stack frames]]>
    </failure>
  </testcase> <!-- testCheckoutWithZeroPostalCode -->
  <testcase classname="CheckoutTest" name="testCheckoutWithNonNumericPostalCode" time="0.719">
    <failure type="java.lang.AssertionError" message="expected [Checkout: Your Information] but found [Checkout: Overview]">
      <![CDATA[java.lang.AssertionError: expected [Checkout: Your Information] but found [Checkout: Overview]
at CheckoutTest.testCheckoutWithNonNumericPostalCode(CheckoutTest.java:104)
at java.base/java.util.ArrayList.forEach(ArrayList.java:1604)
at Main.main(Main.java:19)
... Removed 27 stack frames]]>
    </failure>
  </testcase> <!-- testCheckoutWithNonNumericPostalCode -->
</testsuite> <!-- Command line test -->
