<?xml version="1.0" encoding="UTF-8"?>
<!-- Generated by org.testng.reporters.JUnitReportReporter -->
<testsuite hostname="TAKO" failures="0" tests="10" name="CartTest" time="0.002" errors="1" timestamp="2025-05-09T00:24:24 EEST" skipped="9">
  <testcase classname="CartTest" name="testAddAndRemoveAllItems" time="0.000">
    <skipped/>
  </testcase> <!-- testAddAndRemoveAllItems -->
  <testcase classname="CartTest" name="setup" time="0.001">
    <error message="Unable to obtain: chromedriver, error chromedriver must exist: chromedriver.exe
For documentation on this error, please visit: https://www.selenium.dev/documentation/webdriver/troubleshooting/errors/driver_location/
Build info: version: &#039;4.31.0&#039;, revision: &#039;4ae8fc9f8a&#039;
System info: os.name: &#039;Windows 11&#039;, os.arch: &#039;amd64&#039;, os.version: &#039;10.0&#039;, java.version: &#039;24&#039;
Driver info: driver.version: ChromeDriver" type="org.openqa.selenium.remote.NoSuchDriverException">
      <![CDATA[org.openqa.selenium.remote.NoSuchDriverException: Unable to obtain: chromedriver, error chromedriver must exist: chromedriver.exe
For documentation on this error, please visit: https://www.selenium.dev/documentation/webdriver/troubleshooting/errors/driver_location/
Build info: version: '4.31.0', revision: '4ae8fc9f8a'
System info: os.name: 'Windows 11', os.arch: 'amd64', os.version: '10.0', java.version: '24'
Driver info: driver.version: ChromeDriver
at org.openqa.selenium.remote.service.DriverFinder.getBinaryPaths(DriverFinder.java:121)
at org.openqa.selenium.remote.service.DriverFinder.getDriverPath(DriverFinder.java:55)
at org.openqa.selenium.chrome.ChromeDriver.generateExecutor(ChromeDriver.java:99)
at org.openqa.selenium.chrome.ChromeDriver.<init>(ChromeDriver.java:88)
at org.openqa.selenium.chrome.ChromeDriver.<init>(ChromeDriver.java:83)
at org.openqa.selenium.chrome.ChromeDriver.<init>(ChromeDriver.java:51)
at CartTest.setup(CartTest.java:19)
at java.base/jdk.internal.reflect.DirectMethodHandleAccessor.invoke(DirectMethodHandleAccessor.java:104)
at java.base/java.lang.reflect.Method.invoke(Method.java:565)
at org.testng.internal.invokers.MethodInvocationHelper.invokeMethod(MethodInvocationHelper.java:141)
at org.testng.internal.invokers.MethodInvocationHelper.invokeMethodConsideringTimeout(MethodInvocationHelper.java:71)
at org.testng.internal.invokers.ConfigInvoker.invokeConfigurationMethod(ConfigInvoker.java:400)
at org.testng.internal.invokers.ConfigInvoker.invokeConfigurations(ConfigInvoker.java:333)
at org.testng.internal.invokers.TestInvoker.runConfigMethods(TestInvoker.java:836)
at org.testng.internal.invokers.TestInvoker.invokeMethod(TestInvoker.java:601)
at org.testng.internal.invokers.TestInvoker.invokeTestMethod(TestInvoker.java:230)
at org.testng.internal.invokers.MethodRunner.runInSequence(MethodRunner.java:63)
at org.testng.internal.invokers.TestInvoker$MethodInvocationAgent.invoke(TestInvoker.java:995)
at org.testng.internal.invokers.TestInvoker.invokeTestMethods(TestInvoker.java:203)
at org.testng.internal.invokers.TestMethodWorker.invokeTestMethods(TestMethodWorker.java:154)
at org.testng.internal.invokers.TestMethodWorker.run(TestMethodWorker.java:134)
at java.base/java.util.ArrayList.forEach(ArrayList.java:1604)
at org.testng.TestRunner.privateRun(TestRunner.java:741)
at org.testng.TestRunner.run(TestRunner.java:616)
at org.testng.SuiteRunner.runTest(SuiteRunner.java:421)
at org.testng.SuiteRunner.runSequentially(SuiteRunner.java:413)
at org.testng.SuiteRunner.privateRun(SuiteRunner.java:373)
at org.testng.SuiteRunner.run(SuiteRunner.java:312)
at org.testng.SuiteRunnerWorker.runSuite(SuiteRunnerWorker.java:52)
at org.testng.SuiteRunnerWorker.run(SuiteRunnerWorker.java:95)
at org.testng.TestNG.runSuitesSequentially(TestNG.java:1274)
at org.testng.TestNG.runSuitesLocally(TestNG.java:1208)
at org.testng.TestNG.runSuites(TestNG.java:1112)
at org.testng.TestNG.run(TestNG.java:1079)
at Main.main(Main.java:24)
Caused by: java.lang.IllegalStateException: chromedriver must exist: chromedriver.exe
at org.openqa.selenium.internal.Require$PathStateChecker.isExecutable(Require.java:475)
at org.openqa.selenium.remote.service.DriverFinder.getBinaryPaths(DriverFinder.java:118)
... 34 more
]]>
    </error>
  </testcase> <!-- setup -->
  <testcase classname="CartTest" name="checkContinueShoppingButton" time="0.000">
    <skipped/>
  </testcase> <!-- checkContinueShoppingButton -->
  <testcase classname="CartTest" name="checkCheckoutButton" time="0.000">
    <skipped/>
  </testcase> <!-- checkCheckoutButton -->
  <testcase classname="CartTest" name="checkItemInCart" time="0.000">
    <skipped/>
  </testcase> <!-- checkItemInCart -->
  <testcase classname="CartTest" name="checkRemoveItemFromCart" time="0.000">
    <skipped/>
  </testcase> <!-- checkRemoveItemFromCart -->
  <testcase classname="CartTest" name="cartPersistsAfterRefresh" time="0.000">
    <skipped/>
  </testcase> <!-- cartPersistsAfterRefresh -->
  <testcase classname="CartTest" name="cartDisplaysCorrectItemDetails" time="0.000">
    <skipped/>
  </testcase> <!-- cartDisplaysCorrectItemDetails -->
  <testcase classname="CartTest" name="checkEmptyCartBehavior" time="0.001">
    <skipped/>
  </testcase> <!-- checkEmptyCartBehavior -->
  <testcase classname="CartTest" name="checkoutDisabledWhenCartEmpty" time="0.000">
    <skipped/>
  </testcase> <!-- checkoutDisabledWhenCartEmpty -->
</testsuite> <!-- CartTest -->
